<?xml version="1.0" encoding="UTF-8"?>
<!-- Generated by org.testng.reporters.JUnitReportReporter -->
<testsuite hostname="DESKTOP-ACCNH3K" failures="0" tests="3" name="com.tutorialninja.testcases.SearchTest" time="14.635" errors="0" timestamp="2023-11-15T13:10:36 EST" skipped="0">
  <testcase classname="com.tutorialninja.testcases.SearchTest" name="searchProductWithValidProduct" time="4.914"/>
  <testcase classname="com.tutorialninja.testcases.SearchTest" name="verifySearchWithInvalidProduct" time="4.949"/>
  <testcase classname="com.tutorialninja.testcases.SearchTest" name="verifySearchWithNoProduct" time="4.772"/>
</testsuite> <!-- com.tutorialninja.testcases.SearchTest -->
