<?xml version="1.0" encoding="UTF-8"?>
<!-- Generated by org.testng.reporters.JUnitReportReporter -->
<testsuite hostname="DESKTOP-ACCNH3K" failures="0" tests="11" name="com.tutorialninja.testcases.Login_Test" time="63.728" errors="0" timestamp="2023-11-15T13:10:36 EST" skipped="0">
  <testcase classname="com.tutorialninja.testcases.Login_Test" name="verifyingLoginWithValidUserNameAndValidPassword" time="5.905"/>
  <testcase classname="com.tutorialninja.testcases.Login_Test" name="verifyingLoginWithValidUserNameAndValidPassword" time="5.599"/>
  <testcase classname="com.tutorialninja.testcases.Login_Test" name="verifyingLoginWithValidUserNameAndValidPassword" time="6.015"/>
  <testcase classname="com.tutorialninja.testcases.Login_Test" name="verifyingLoginWithValidUserNameAndValidPassword" time="5.811"/>
  <testcase classname="com.tutorialninja.testcases.Login_Test" name="verifyingLoginWithValidUserNameAndValidPassword" time="5.482"/>
  <testcase classname="com.tutorialninja.testcases.Login_Test" name="verifyingLoginWithValidUserNameAndValidPassword" time="7.039"/>
  <testcase classname="com.tutorialninja.testcases.Login_Test" name="verifyingLoginWithValidUserNameAndValidPassword" time="5.627"/>
  <testcase classname="com.tutorialninja.testcases.Login_Test" name="verifyLoginWithInValidUserNameAndValidPassword" time="5.913"/>
  <testcase classname="com.tutorialninja.testcases.Login_Test" name="verifyLoginWithValidUserNameAndInValidPassword" time="5.427"/>
  <testcase classname="com.tutorialninja.testcases.Login_Test" name="verifyLoginWithInValidUserNameAndInValidPassword" time="5.683"/>
  <testcase classname="com.tutorialninja.testcases.Login_Test" name="verifyLoginWithNoUserNameAndNoPassword" time="5.227"/>
</testsuite> <!-- com.tutorialninja.testcases.Login_Test -->
