<?xml version="1.0" encoding="UTF-8"?>
<!-- Generated by org.testng.reporters.JUnitReportReporter -->
<testsuite hostname="DESKTOP-ACCNH3K" failures="0" tests="1" name="com.tutorialninja.testcases.CheckOut_ValidProduct_Test" time="30.503" errors="0" timestamp="2023-11-15T13:10:36 EST" skipped="0">
  <testcase classname="com.tutorialninja.testcases.CheckOut_ValidProduct_Test" name="addAValidProductAndCheckOut" time="30.503"/>
</testsuite> <!-- com.tutorialninja.testcases.CheckOut_ValidProduct_Test -->
