<?xml version="1.0" encoding="UTF-8"?>
<!-- Generated by org.testng.reporters.JUnitReportReporter -->
<testsuite hostname="DESKTOP-ACCNH3K" failures="0" tests="11" name="com.tutorialninja.testcases.Login_Test" time="78.311" errors="0" timestamp="2023-11-09T13:03:55 EST" skipped="0">
  <testcase classname="com.tutorialninja.testcases.Login_Test" name="verifyingLoginWithValidUserNameAndValidPassword" time="6.011"/>
  <testcase classname="com.tutorialninja.testcases.Login_Test" name="verifyingLoginWithValidUserNameAndValidPassword" time="6.240"/>
  <testcase classname="com.tutorialninja.testcases.Login_Test" name="verifyingLoginWithValidUserNameAndValidPassword" time="5.841"/>
  <testcase classname="com.tutorialninja.testcases.Login_Test" name="verifyingLoginWithValidUserNameAndValidPassword" time="6.499"/>
  <testcase classname="com.tutorialninja.testcases.Login_Test" name="verifyingLoginWithValidUserNameAndValidPassword" time="7.211"/>
  <testcase classname="com.tutorialninja.testcases.Login_Test" name="verifyingLoginWithValidUserNameAndValidPassword" time="6.086"/>
  <testcase classname="com.tutorialninja.testcases.Login_Test" name="verifyingLoginWithValidUserNameAndValidPassword" time="5.908"/>
  <testcase classname="com.tutorialninja.testcases.Login_Test" name="verifyLoginWithInValidUserNameAndValidPassword" time="5.750"/>
  <testcase classname="com.tutorialninja.testcases.Login_Test" name="verifyLoginWithValidUserNameAndInValidPassword" time="6.031"/>
  <testcase classname="com.tutorialninja.testcases.Login_Test" name="verifyLoginWithInValidUserNameAndInValidPassword" time="17.104"/>
  <testcase classname="com.tutorialninja.testcases.Login_Test" name="verifyLoginWithNoUserNameAndNoPassword" time="5.630"/>
</testsuite> <!-- com.tutorialninja.testcases.Login_Test -->
